2022-02-02 16:35:40,883 [INFO] from play.api.db.DefaultDBApi in play-dev-mode-akka.actor.default-dispatcher-6 - Database [default] initialized
2022-02-02 16:35:40,885 [INFO] from play.api.db.HikariCPConnectionPool in play-dev-mode-akka.actor.default-dispatcher-6 - Creating Pool for datasource 'default'
2022-02-02 16:35:40,947 [INFO] from play.api.db.HikariCPConnectionPool in play-dev-mode-akka.actor.default-dispatcher-6 - datasource [default] bound to JNDI as DefaultDS
2022-02-02 16:35:40,996 [INFO] from akka.event.slf4j.Slf4jLogger in application-akka.actor.default-dispatcher-7 - Slf4jLogger started
2022-02-02 16:35:41,191 [INFO] from play.api.http.EnabledFilters in play-dev-mode-akka.actor.default-dispatcher-6 - Enabled Filters (see <https://www.playframework.com/documentation/latest/Filters>):

    play.filters.csrf.CSRFFilter
    play.filters.headers.SecurityHeadersFilter
    play.filters.hosts.AllowedHostsFilter
    play.filters.cors.CORSFilter

2022-02-02 16:35:41,279 [INFO] from play.api.Play in play-dev-mode-akka.actor.default-dispatcher-6 - Application started (Dev) (no global state)
2022-02-02 16:35:43,812 [WARN] from org.hibernate.engine.jdbc.spi.SqlExceptionHelper in application-akka.actor.default-dispatcher-7 - SQL Error: 90004, SQLState: 90004
2022-02-02 16:35:43,814 [ERROR] from org.hibernate.engine.jdbc.spi.SqlExceptionHelper in application-akka.actor.default-dispatcher-7 - Hexadecimal string contains non-hex character: "fc6581de-b255-4399-9a93-f2edf27c414e"; SQL statement:
insert into tasks (details, dueDate, ownerId, status, title, id) values (?, ?, ?, ?, ?, ?) -- (?1, ?2, ?3, ?4, ?5, ?6) [90004-199]
2022-02-02 16:35:48,312 [INFO] from play.api.internal.libs.concurrent.CoordinatedShutdownSupport in pool-3970-thread-2 - Starting synchronous coordinated shutdown with ServerStoppedReason reason and 35000 milliseconds timeout
2022-02-02 16:35:48,315 [INFO] from akka.actor.CoordinatedShutdown in play-dev-mode-akka.actor.default-dispatcher-11 - Running CoordinatedShutdown with reason [ServerStoppedReason]
2022-02-02 16:35:48,316 [INFO] from play.core.server.AkkaHttpServer in pool-3970-thread-2 - Stopping Akka HTTP server...
2022-02-02 16:35:48,325 [INFO] from play.core.server.AkkaHttpServer in play-dev-mode-akka.actor.internal-dispatcher-5 - Terminating server binding for /0:0:0:0:0:0:0:0:9000
2022-02-02 16:35:48,350 [INFO] from akka.actor.CoordinatedShutdown in application-akka.actor.default-dispatcher-7 - Running CoordinatedShutdown with reason [ApplicationStoppedReason]
2022-02-02 16:35:48,362 [INFO] from play.api.db.HikariCPConnectionPool in application-akka.actor.internal-dispatcher-2 - Shutting down connection pool.
2022-02-02 16:35:48,609 [INFO] from play.core.server.AkkaHttpServer in play-dev-mode-akka.actor.internal-dispatcher-3 - Running provided shutdown stop hooks
